2025-01-14 04:04:12,128 - DEBUG - Rozpoczęcie przetwarzania URL...
2025-01-14 04:04:12,128 - DEBUG - Wprowadzony URL: False
2025-01-14 04:04:13,857 - ERROR - Podano pusty URL.
2025-01-14 04:04:18,044 - DEBUG - Rozpoczęcie przetwarzania URL...
2025-01-14 04:04:18,044 - DEBUG - Wprowadzony URL: False
2025-01-14 04:04:20,424 - ERROR - Podano pusty URL.
2025-01-14 04:07:29,826 - DEBUG - Rozpoczęcie przetwarzania URL...
2025-01-14 04:07:30,626 - ERROR - Podano pusty URL.
2025-01-14 04:07:40,681 - DEBUG - Rozpoczęcie przetwarzania URL...
2025-01-14 04:07:42,035 - ERROR - Podano pusty URL.
2025-01-14 04:09:46,339 - DEBUG - Rozpoczęcie przetwarzania URL...
2025-01-14 04:09:47,411 - ERROR - Podano pusty URL.
2025-01-14 04:11:44,222 - DEBUG - Pole tekstowe URL zainicjalizowane.
2025-01-14 04:11:55,051 - DEBUG - Rozpoczęcie przetwarzania URL...
2025-01-14 04:11:55,979 - ERROR - Podano pusty URL.
2025-01-14 04:12:00,874 - DEBUG - Rozpoczęcie przetwarzania URL...
2025-01-14 04:12:02,067 - ERROR - Podano pusty URL.
2025-01-14 04:14:55,416 - DEBUG - Pole tekstowe URL zainicjalizowane.
2025-01-14 04:14:58,437 - DEBUG - Wartość z pola tekstowego (test): 
2025-01-14 04:15:10,819 - DEBUG - Wartość z pola tekstowego (test): http://www.sport.onet.pl
2025-01-14 04:15:13,572 - DEBUG - Rozpoczęcie przetwarzania URL...
2025-01-14 04:15:16,732 - ERROR - Podano pusty URL.
2025-01-14 04:15:17,738 - DEBUG - Wartość z pola tekstowego (test): http://www.sport.onet.pl
2025-01-14 04:16:54,365 - DEBUG - Pole tekstowe URL zainicjalizowane.
2025-01-14 04:17:07,340 - DEBUG - Wartość z pola tekstowego (test): http://sport.onet.pl
2025-01-14 04:17:08,996 - DEBUG - Rozpoczęcie przetwarzania URL...
2025-01-14 04:17:10,116 - ERROR - Podano pusty URL.
2025-01-14 04:17:18,867 - DEBUG - Rozpoczęcie przetwarzania URL...
2025-01-14 04:17:23,244 - ERROR - Podano pusty URL.
2025-01-17 17:43:13,948 - DEBUG - Pole tekstowe URL zainicjalizowane.
2025-01-17 17:43:25,673 - DEBUG - Rozpoczęcie przetwarzania URL...
2025-01-17 17:43:27,273 - ERROR - Podano pusty URL.
2025-01-17 17:44:49,176 - DEBUG - Rozpoczęcie przetwarzania URL...
2025-01-17 17:44:50,260 - ERROR - Podano pusty URL.
2025-01-17 17:49:54,502 - DEBUG - Pole tekstowe URL zainicjalizowane.
2025-01-17 17:50:05,000 - DEBUG - Rozpoczęcie przetwarzania URL...
2025-01-17 17:50:06,336 - ERROR - Podano pusty URL.
2025-01-17 17:55:09,079 - DEBUG - Pole tekstowe URL zainicjalizowane.
2025-01-17 17:55:18,006 - DEBUG - Rozpoczęcie przetwarzania URL...
2025-01-17 17:55:24,421 - ERROR - Podano pusty URL.
2025-01-17 17:55:25,784 - DEBUG - Wartość z pola tekstowego (test): http://www.sport.onet.pl
2025-01-17 17:55:36,511 - DEBUG - Rozpoczęcie przetwarzania URL...
2025-01-17 17:55:41,944 - ERROR - Podano pusty URL.
2025-01-17 17:58:20,812 - DEBUG - Pole tekstowe URL zainicjalizowane.
2025-01-17 17:58:27,320 - DEBUG - Rozpoczęcie przetwarzania URL...
2025-01-17 17:58:28,753 - ERROR - Podano pusty URL.
2025-01-17 17:58:30,528 - DEBUG - Wartość wprowadzonego URL: sport.onet.pl
2025-01-17 17:58:30,528 - DEBUG - URL po dodaniu prefiksu: http://www.sport.onet.pl
2025-01-17 18:00:06,560 - DEBUG - Pole tekstowe URL zainicjalizowane.
2025-01-17 18:00:23,342 - DEBUG - Rozpoczęcie przetwarzania URL...
2025-01-17 18:00:28,008 - ERROR - Podano pusty URL.
2025-01-17 18:00:30,821 - DEBUG - Rozpoczęcie przetwarzania URL...
2025-01-17 18:00:32,984 - ERROR - Podano pusty URL.
2025-01-17 18:04:03,330 - DEBUG - Pole tekstowe URL zainicjalizowane.
2025-01-17 18:13:26,654 - DEBUG - Pole tekstowe URL zainicjalizowane.
2025-01-17 18:13:33,487 - DEBUG - Rozpoczęcie przetwarzania URL...
2025-01-17 18:13:33,488 - DEBUG - Wartość z pola tekstowego (przed przygotowaniem): sport.onet.pl
2025-01-17 18:13:33,488 - DEBUG - Wartość URL po przygotowaniu: http://www.sport.onet.pl
2025-01-17 18:14:35,958 - DEBUG - Pole tekstowe URL zainicjalizowane.
2025-01-17 18:14:42,839 - DEBUG - Rozpoczęcie przetwarzania URL...
2025-01-17 18:14:42,840 - DEBUG - Wartość z pola tekstowego (przed przygotowaniem): sport.onet.pl
2025-01-17 18:14:42,840 - DEBUG - Wartość URL po przygotowaniu: http://www.sport.onet.pl
2025-01-17 18:14:42,859 - DEBUG - Starting new HTTP connection (1): www.sport.onet.pl:80
2025-01-17 18:14:42,955 - DEBUG - http://www.sport.onet.pl:80 "GET / HTTP/1.1" 301 0
2025-01-17 18:14:42,961 - DEBUG - Starting new HTTPS connection (1): sport.onet.pl:443
2025-01-17 18:14:43,107 - DEBUG - https://sport.onet.pl:443 "GET / HTTP/1.1" 301 0
2025-01-17 18:14:43,111 - DEBUG - Starting new HTTPS connection (1): przegladsportowy.onet.pl:443
2025-01-17 18:14:43,199 - DEBUG - https://przegladsportowy.onet.pl:443 "GET / HTTP/1.1" 200 130994
2025-01-17 18:14:43,270 - DEBUG - Pobrano zawartość strony dla URL: http://www.sport.onet.pl
2025-01-17 18:16:06,408 - DEBUG - Rozpoczęcie przetwarzania URL...
2025-01-17 18:16:06,408 - DEBUG - Wartość z pola tekstowego (przed przygotowaniem): sport.onet.pl
2025-01-17 18:16:06,408 - DEBUG - Wartość URL po przygotowaniu: http://www.sport.onet.pl
2025-01-17 18:16:06,412 - DEBUG - Starting new HTTP connection (1): www.sport.onet.pl:80
2025-01-17 18:16:06,473 - DEBUG - http://www.sport.onet.pl:80 "GET / HTTP/1.1" 301 0
2025-01-17 18:16:06,479 - DEBUG - Starting new HTTPS connection (1): sport.onet.pl:443
2025-01-17 18:16:06,566 - DEBUG - https://sport.onet.pl:443 "GET / HTTP/1.1" 301 0
2025-01-17 18:16:06,576 - DEBUG - Starting new HTTPS connection (1): przegladsportowy.onet.pl:443
2025-01-17 18:16:06,657 - DEBUG - https://przegladsportowy.onet.pl:443 "GET / HTTP/1.1" 200 131773
2025-01-17 18:16:06,729 - DEBUG - Pobrano zawartość strony dla URL: http://www.sport.onet.pl
